<?xml version="1.0" encoding="UTF-8"?>
<!-- Generated by org.testng.reporters.JUnitReportReporter -->
<testsuite skipped="0" hostname="DESKTOP-IN9OGTJ" name="com.rmgyanta.apiPractice.AddProjectWithCompleteStatusTest" tests="1" failures="0" timestamp="2021-11-12T16:16:38 IST" time="2.769" errors="0">
  <testcase name="addProjectWithCompletedstatus" time="2.769" classname="com.rmgyanta.apiPractice.AddProjectWithCompleteStatusTest"/>
  <system-out/>
</testsuite> <!-- com.rmgyanta.apiPractice.AddProjectWithCompleteStatusTest -->
