<?xml version="1.0" encoding="UTF-8"?>
<!-- Generated by org.testng.reporters.JUnitReportReporter -->
<testsuite skipped="0" hostname="DESKTOP-IN9OGTJ" name="com.petStore.DeleteRequest" tests="1" failures="0" timestamp="2021-12-10T16:22:10 IST" time="8.676" errors="0">
  <testcase name="delet" time="8.676" classname="com.petStore.DeleteRequest"/>
  <system-out/>
</testsuite> <!-- com.petStore.DeleteRequest -->
