<?xml version="1.0" encoding="UTF-8"?>
<!-- Generated by org.testng.reporters.JUnitReportReporter -->
<testsuite skipped="0" hostname="DESKTOP-IN9OGTJ" name="com.petStore.PostRequest" tests="1" failures="0" timestamp="2021-12-10T15:38:26 IST" time="5.239" errors="0">
  <testcase name="post" time="5.239" classname="com.petStore.PostRequest"/>
  <system-out/>
</testsuite> <!-- com.petStore.PostRequest -->
