<?xml version="1.0" encoding="UTF-8"?>
<!-- Generated by org.testng.reporters.JUnitReportReporter -->
<testsuite skipped="0" hostname="DESKTOP-IN9OGTJ" name="com.petStore.PutRequest" tests="1" failures="0" timestamp="2021-12-10T15:59:49 IST" time="4.543" errors="0">
  <testcase name="put" time="4.543" classname="com.petStore.PutRequest"/>
  <system-out/>
</testsuite> <!-- com.petStore.PutRequest -->
