<?xml version="1.0" encoding="UTF-8"?>
<!-- Generated by org.testng.reporters.JUnitReportReporter -->
<testsuite skipped="0" hostname="DESKTOP-IN9OGTJ" name="com.petStore.GetAllData" tests="1" failures="0" timestamp="2021-12-10T15:18:14 IST" time="4.852" errors="0">
  <testcase name="getData" time="4.852" classname="com.petStore.GetAllData"/>
  <system-out/>
</testsuite> <!-- com.petStore.GetAllData -->
