<?xml version="1.0" encoding="UTF-8"?>
<!-- Generated by org.testng.reporters.JUnitReportReporter -->
<testsuite skipped="0" hostname="DESKTOP-IN9OGTJ" name="com.rmgyanta.apiPractice.AddProjectWithOnGoingStatusTest2" tests="1" failures="0" timestamp="2021-11-12T14:49:49 IST" time="3.193" errors="0">
  <testcase name="addProjectWithCompletedstatus" time="3.193" classname="com.rmgyanta.apiPractice.AddProjectWithOnGoingStatusTest2"/>
  <system-out/>
</testsuite> <!-- com.rmgyanta.apiPractice.AddProjectWithOnGoingStatusTest2 -->
